[ 8:52:27,51] [DEBUG] Working Directory: C:\Users\Bogdan\OneDrive\Desktop\Projects\script_mentenanta\
[ 8:52:27,52] [DEBUG] Script Path: C:\Users\Bogdan\OneDrive\Desktop\Projects\script_mentenanta\script.bat
[ 8:52:27,54] [DEBUG] Log File: C:\Users\Bogdan\OneDrive\Desktop\Projects\script_mentenanta\maintenance.log
[ 8:52:27,55] [DEBUG] Scheduled task will use current script path: C:\Users\Bogdan\OneDrive\Desktop\Projects\script_mentenanta\script.bat
[ 8:52:27,57] [INFO] Starting maintenance script...
[ 8:52:27,58] [INFO] User: Bogdan, Computer: LAPTOP-IT
[ 8:52:30,90] [DEBUG] NET SESSION result: 2
[ 8:52:30,91] [DEBUG] PowerShell admin check: False
[ 8:52:30,92] [DEBUG] Final admin status: false
[ 8:52:30,93] [WARN] Not running as Administrator. Relaunching with admin rights...
[ 8:52:30,93] [DEBUG] Attempting elevation using PowerShell Start-Process...
WARNING: Some PSReadLine prediction features are not available in this 
version.

┌─── PowerShell Enhanced Profile (VS Code) ───┐
│ Welcome, Bogdan! 08:52
│ Location: script_mentenanta
│ Health: CPU 14% | Memory 65.1% | Disk 68.24%
└─────────────────────────────────────────────┘

Commands: ll, neofetch, health, c (code), settings | help-profile for more

Profile loaded successfully! Type 'neofetch' to see system info.
VS Code optimizations loaded!
Additional commands: c (open in code), settings, keybindings
