[ 8:52:27,51] [DEBUG] Working Directory: C:\Users\Bogdan\OneDrive\Desktop\Projects\script_mentenanta\ 
[ 8:52:27,52] [DEBUG] Script Path: C:\Users\Bogdan\OneDrive\Desktop\Projects\script_mentenanta\script.bat 
[ 8:52:27,54] [DEBUG] Log File: C:\Users\Bogdan\OneDrive\Desktop\Projects\script_mentenanta\maintenance.log 
[ 8:52:27,55] [DEBUG] Scheduled task will use current script path: C:\Users\Bogdan\OneDrive\Desktop\Projects\script_mentenanta\script.bat 
[ 8:52:27,57] [INFO] Starting maintenance script... 
[ 8:52:27,58] [INFO] User: Bogdan, Computer: LAPTOP-IT 
[ 8:52:30,90] [DEBUG] NET SESSION result: 2 
[ 8:52:30,91] [DEBUG] PowerShell admin check: False 
[ 8:52:30,92] [DEBUG] Final admin status: false 
[ 8:52:30,93] [WARN] Not running as Administrator. Relaunching with admin rights... 
[ 8:52:30,93] [DEBUG] Attempting elevation using PowerShell Start-Process... 
[ 8:52:36,15] [DEBUG] Working Directory: C:\Users\Bogdan\OneDrive\Desktop\Projects\script_mentenanta\ 
[ 8:52:36,16] [DEBUG] Script Path: C:\Users\Bogdan\OneDrive\Desktop\Projects\script_mentenanta\script.bat 
[ 8:52:36,19] [DEBUG] Log File: C:\Users\Bogdan\OneDrive\Desktop\Projects\script_mentenanta\maintenance.log 
[ 8:52:36,21] [DEBUG] Scheduled task will use current script path: C:\Users\Bogdan\OneDrive\Desktop\Projects\script_mentenanta\script.bat 
[ 8:52:36,23] [INFO] Starting maintenance script... 
[ 8:52:36,25] [INFO] User: Bogdan, Computer: LAPTOP-IT 
[ 8:52:39,45] [DEBUG] NET SESSION result: 0 
[ 8:52:39,46] [DEBUG] PowerShell admin check: True 
[ 8:52:39,48] [DEBUG] Final admin status: true 
[ 8:52:39,49] [INFO] Administrator privileges confirmed 
[ 8:52:42,52] [INFO] PowerShell version: 5 
[ 8:52:46,25] [INFO] Detected Windows version: 10.0.26100 
[INFO] Checking for monthly scheduled task 'ScriptMentenantaMonthly'... 
[INFO] Monthly scheduled task already exists. Skipping creation. 
[10.09.2025  8:52:46,32] [INFO] Checking startup task 'ScriptMentenantaStartup'... 
[10.09.2025  8:52:46,32] [INFO] No existing startup task found. 
[ 8:52:46,38] [INFO] Checking for pending updates requiring restart... 
[ 8:52:59,10] [INFO] No pending updates require restart. Continuing with maintenance script... 
[ 8:52:59,11] [INFO] Starting dependency installation with optimized order... 
[INFO] Installing Windows Package Manager (winget)... 
